# JRE version: OpenJDK Runtime Environment (21.0.5) (build 21.0.5+-12932927-b750.29)
# Java VM: OpenJDK 64-Bit Server VM (21.0.5+-12932927-b750.29, mixed mode, tiered, compressed oops, compressed class ptrs, g1 gc, windows-amd64)
GC Precious Log:
 CardTable entry size: 512
 Card Set container configuration: InlinePtr #cards 5 size 8 Array Of Cards #cards 12 size 40 Howl #buckets 4 coarsen threshold 1843 Howl Bitmap #cards 512 size 80 coarsen threshold 460 Card regions per heap region 1 cards per card region 2048
 CPUs: 6 total, 6 available
 Memory: 16254M
 Large Page Support: Disabled
 NUMA Support: Disabled
 Compressed Oops: Enabled (32-bit)
 Heap Region Size: 1M
 Heap Min Capacity: 8M
 Heap Initial Capacity: 254M
 Heap Max Capacity: 2G
 Pre-touch: Disabled
 Parallel Workers: 6
 Concurrent Workers: 2
 Concurrent Refinement Workers: 6
 Periodic GC: Disabled
Heap:
 garbage-first heap   total 306176K, used 186368K [0x0000000080000000, 0x0000000100000000)
  region size 1024K, 32 young (32768K), 16 survivors (16384K)
 Metaspace       used 157130K, committed 159616K, reserved 1245184K
  class space    used 20853K, committed 22080K, reserved 1048576K
GC Heap History (20 events):
Event: 15.945 GC heap before
{Heap before GC invocations=49 (full 0):
 garbage-first heap   total 242688K, used 215432K [0x0000000080000000, 0x0000000100000000)
  region size 1024K, 97 young (99328K), 6 survivors (6144K)
 Metaspace       used 119500K, committed 121728K, reserved 1179648K
  class space    used 16124K, committed 17216K, reserved 1048576K
}
Event: 15.951 GC heap after
{Heap after GC invocations=50 (full 0):
 garbage-first heap   total 242688K, used 128889K [0x0000000080000000, 0x0000000100000000)
  region size 1024K, 11 young (11264K), 11 survivors (11264K)
 Metaspace       used 119500K, committed 121728K, reserved 1179648K
  class space    used 16124K, committed 17216K, reserved 1048576K
}
Event: 15.980 GC heap before
{Heap before GC invocations=50 (full 0):
 garbage-first heap   total 242688K, used 130937K [0x0000000080000000, 0x0000000100000000)
  region size 1024K, 15 young (15360K), 11 survivors (11264K)
 Metaspace       used 120045K, committed 122304K, reserved 1179648K
  class space    used 16161K, committed 17280K, reserved 1048576K
}
Event: 15.986 GC heap after
{Heap after GC invocations=51 (full 0):
 garbage-first heap   total 242688K, used 129516K [0x0000000080000000, 0x0000000100000000)
  region size 1024K, 2 young (2048K), 2 survivors (2048K)
 Metaspace       used 120045K, committed 122304K, reserved 1179648K
  class space    used 16161K, committed 17280K, reserved 1048576K
}
Event: 16.464 GC heap before
{Heap before GC invocations=52 (full 0):
 garbage-first heap   total 242688K, used 223724K [0x0000000080000000, 0x0000000100000000)
  region size 1024K, 93 young (95232K), 2 survivors (2048K)
 Metaspace       used 124122K, committed 126400K, reserved 1179648K
  class space    used 16523K, committed 17664K, reserved 1048576K
}
Event: 16.468 GC heap after
{Heap after GC invocations=53 (full 0):
 garbage-first heap   total 242688K, used 132045K [0x0000000080000000, 0x0000000100000000)
  region size 1024K, 5 young (5120K), 5 survivors (5120K)
 Metaspace       used 124122K, committed 126400K, reserved 1179648K
  class space    used 16523K, committed 17664K, reserved 1048576K
}
Event: 18.978 GC heap before
{Heap before GC invocations=53 (full 0):
 garbage-first heap   total 242688K, used 224205K [0x0000000080000000, 0x0000000100000000)
  region size 1024K, 94 young (96256K), 5 survivors (5120K)
 Metaspace       used 130173K, committed 132544K, reserved 1179648K
  class space    used 17362K, committed 18560K, reserved 1048576K
}
Event: 18.985 GC heap after
{Heap after GC invocations=54 (full 0):
 garbage-first heap   total 242688K, used 137188K [0x0000000080000000, 0x0000000100000000)
  region size 1024K, 11 young (11264K), 11 survivors (11264K)
 Metaspace       used 130173K, committed 132544K, reserved 1179648K
  class space    used 17362K, committed 18560K, reserved 1048576K
}
Event: 19.680 GC heap before
{Heap before GC invocations=54 (full 0):
 garbage-first heap   total 242688K, used 217060K [0x0000000080000000, 0x0000000100000000)
  region size 1024K, 90 young (92160K), 11 survivors (11264K)
 Metaspace       used 138849K, committed 141184K, reserved 1179648K
  class space    used 18749K, committed 19904K, reserved 1048576K
}
Event: 19.692 GC heap after
{Heap after GC invocations=55 (full 0):
 garbage-first heap   total 242688K, used 145072K [0x0000000080000000, 0x0000000100000000)
  region size 1024K, 12 young (12288K), 12 survivors (12288K)
 Metaspace       used 138849K, committed 141184K, reserved 1179648K
  class space    used 18749K, committed 19904K, reserved 1048576K
}
Event: 20.123 GC heap before
{Heap before GC invocations=56 (full 0):
 garbage-first heap   total 242688K, used 215728K [0x0000000080000000, 0x0000000100000000)
  region size 1024K, 82 young (83968K), 12 survivors (12288K)
 Metaspace       used 142305K, committed 144704K, reserved 1179648K
  class space    used 19092K, committed 20288K, reserved 1048576K
}
Event: 20.133 GC heap after
{Heap after GC invocations=57 (full 0):
 garbage-first heap   total 242688K, used 149488K [0x0000000080000000, 0x0000000100000000)
  region size 1024K, 4 young (4096K), 4 survivors (4096K)
 Metaspace       used 142305K, committed 144704K, reserved 1179648K
  class space    used 19092K, committed 20288K, reserved 1048576K
}
Event: 20.697 GC heap before
{Heap before GC invocations=57 (full 0):
 garbage-first heap   total 242688K, used 227312K [0x0000000080000000, 0x0000000100000000)
  region size 1024K, 77 young (78848K), 4 survivors (4096K)
 Metaspace       used 145498K, committed 147904K, reserved 1179648K
  class space    used 19681K, committed 20864K, reserved 1048576K
}
Event: 20.702 GC heap after
{Heap after GC invocations=58 (full 0):
 garbage-first heap   total 242688K, used 146933K [0x0000000080000000, 0x0000000100000000)
  region size 1024K, 2 young (2048K), 2 survivors (2048K)
 Metaspace       used 145498K, committed 147904K, reserved 1179648K
  class space    used 19681K, committed 20864K, reserved 1048576K
}
Event: 20.896 GC heap before
{Heap before GC invocations=58 (full 0):
 garbage-first heap   total 242688K, used 160245K [0x0000000080000000, 0x0000000100000000)
  region size 1024K, 16 young (16384K), 2 survivors (2048K)
 Metaspace       used 146908K, committed 149312K, reserved 1179648K
  class space    used 19854K, committed 21056K, reserved 1048576K
}
Event: 20.899 GC heap after
{Heap after GC invocations=59 (full 0):
 garbage-first heap   total 242688K, used 147792K [0x0000000080000000, 0x0000000100000000)
  region size 1024K, 3 young (3072K), 3 survivors (3072K)
 Metaspace       used 146908K, committed 149312K, reserved 1179648K
  class space    used 19854K, committed 21056K, reserved 1048576K
}
Event: 738.536 GC heap before
{Heap before GC invocations=60 (full 0):
 garbage-first heap   total 291840K, used 249168K [0x0000000080000000, 0x0000000100000000)
  region size 1024K, 77 young (78848K), 3 survivors (3072K)
 Metaspace       used 153601K, committed 156096K, reserved 1245184K
  class space    used 20499K, committed 21760K, reserved 1048576K
}
Event: 738.540 GC heap after
{Heap after GC invocations=61 (full 0):
 garbage-first heap   total 291840K, used 148124K [0x0000000080000000, 0x0000000100000000)
  region size 1024K, 3 young (3072K), 3 survivors (3072K)
 Metaspace       used 153601K, committed 156096K, reserved 1245184K
  class space    used 20499K, committed 21760K, reserved 1048576K
}
Event: 739.825 GC heap before
{Heap before GC invocations=61 (full 0):
 garbage-first heap   total 291840K, used 274076K [0x0000000080000000, 0x0000000100000000)
  region size 1024K, 125 young (128000K), 3 survivors (3072K)
 Metaspace       used 155664K, committed 158080K, reserved 1245184K
  class space    used 20652K, committed 21888K, reserved 1048576K
}
Event: 739.842 GC heap after
{Heap after GC invocations=62 (full 0):
 garbage-first heap   total 306176K, used 171008K [0x0000000080000000, 0x0000000100000000)
  region size 1024K, 16 young (16384K), 16 survivors (16384K)
 Metaspace       used 155664K, committed 158080K, reserved 1245184K
  class space    used 20652K, committed 21888K, reserved 1048576K
}

