# JRE version: OpenJDK Runtime Environment (21.0.5) (build 21.0.5+-12932927-b750.29)
# Java VM: OpenJDK 64-Bit Server VM (21.0.5+-12932927-b750.29, mixed mode, tiered, compressed oops, compressed class ptrs, g1 gc, windows-amd64)
GC Precious Log:
 CardTable entry size: 512
 Card Set container configuration: InlinePtr #cards 5 size 8 Array Of Cards #cards 12 size 40 Howl #buckets 4 coarsen threshold 1843 Howl Bitmap #cards 512 size 80 coarsen threshold 460 Card regions per heap region 1 cards per card region 2048
 CPUs: 6 total, 6 available
 Memory: 16254M
 Large Page Support: Disabled
 NUMA Support: Disabled
 Compressed Oops: Enabled (32-bit)
 Heap Region Size: 1M
 Heap Min Capacity: 8M
 Heap Initial Capacity: 254M
 Heap Max Capacity: 2G
 Pre-touch: Disabled
 Parallel Workers: 6
 Concurrent Workers: 2
 Concurrent Refinement Workers: 6
 Periodic GC: Disabled
Heap:
 garbage-first heap   total 321536K, used 228711K [0x0000000080000000, 0x0000000100000000)
  region size 1024K, 66 young (67584K), 9 survivors (9216K)
 Metaspace       used 137270K, committed 139584K, reserved 1179648K
  class space    used 17750K, committed 18944K, reserved 1048576K
GC Heap History (20 events):
Event: 14.581 GC heap before
{Heap before GC invocations=45 (full 0):
 garbage-first heap   total 222208K, used 196608K [0x0000000080000000, 0x0000000100000000)
  region size 1024K, 53 young (54272K), 7 survivors (7168K)
 Metaspace       used 121176K, committed 123456K, reserved 1179648K
  class space    used 16241K, committed 17408K, reserved 1048576K
}
Event: 14.591 GC heap after
{Heap after GC invocations=46 (full 0):
 garbage-first heap   total 222208K, used 148464K [0x0000000080000000, 0x0000000100000000)
  region size 1024K, 6 young (6144K), 6 survivors (6144K)
 Metaspace       used 121176K, committed 123456K, reserved 1179648K
  class space    used 16241K, committed 17408K, reserved 1048576K
}
Event: 14.887 GC heap before
{Heap before GC invocations=46 (full 0):
 garbage-first heap   total 222208K, used 184304K [0x0000000080000000, 0x0000000100000000)
  region size 1024K, 41 young (41984K), 6 survivors (6144K)
 Metaspace       used 121564K, committed 123840K, reserved 1179648K
  class space    used 16267K, committed 17408K, reserved 1048576K
}
Event: 14.894 GC heap after
{Heap after GC invocations=47 (full 0):
 garbage-first heap   total 267264K, used 156384K [0x0000000080000000, 0x0000000100000000)
  region size 1024K, 7 young (7168K), 7 survivors (7168K)
 Metaspace       used 121564K, committed 123840K, reserved 1179648K
  class space    used 16267K, committed 17408K, reserved 1048576K
}
Event: 15.184 GC heap before
{Heap before GC invocations=47 (full 0):
 garbage-first heap   total 267264K, used 235232K [0x0000000080000000, 0x0000000100000000)
  region size 1024K, 71 young (72704K), 7 survivors (7168K)
 Metaspace       used 123550K, committed 125824K, reserved 1179648K
  class space    used 16433K, committed 17600K, reserved 1048576K
}
Event: 15.191 GC heap after
{Heap after GC invocations=48 (full 0):
 garbage-first heap   total 267264K, used 160985K [0x0000000080000000, 0x0000000100000000)
  region size 1024K, 9 young (9216K), 9 survivors (9216K)
 Metaspace       used 123550K, committed 125824K, reserved 1179648K
  class space    used 16433K, committed 17600K, reserved 1048576K
}
Event: 15.440 GC heap before
{Heap before GC invocations=48 (full 0):
 garbage-first heap   total 267264K, used 224473K [0x0000000080000000, 0x0000000100000000)
  region size 1024K, 72 young (73728K), 9 survivors (9216K)
 Metaspace       used 125360K, committed 127616K, reserved 1179648K
  class space    used 16610K, committed 17728K, reserved 1048576K
}
Event: 15.445 GC heap after
{Heap after GC invocations=49 (full 0):
 garbage-first heap   total 267264K, used 165130K [0x0000000080000000, 0x0000000100000000)
  region size 1024K, 4 young (4096K), 4 survivors (4096K)
 Metaspace       used 125360K, committed 127616K, reserved 1179648K
  class space    used 16610K, committed 17728K, reserved 1048576K
}
Event: 15.640 GC heap before
{Heap before GC invocations=49 (full 0):
 garbage-first heap   total 267264K, used 223498K [0x0000000080000000, 0x0000000100000000)
  region size 1024K, 57 young (58368K), 4 survivors (4096K)
 Metaspace       used 126337K, committed 128640K, reserved 1179648K
  class space    used 16686K, committed 17856K, reserved 1048576K
}
Event: 15.646 GC heap after
{Heap after GC invocations=50 (full 0):
 garbage-first heap   total 267264K, used 170715K [0x0000000080000000, 0x0000000100000000)
  region size 1024K, 8 young (8192K), 8 survivors (8192K)
 Metaspace       used 126337K, committed 128640K, reserved 1179648K
  class space    used 16686K, committed 17856K, reserved 1048576K
}
Event: 15.959 GC heap before
{Heap before GC invocations=50 (full 0):
 garbage-first heap   total 267264K, used 237275K [0x0000000080000000, 0x0000000100000000)
  region size 1024K, 72 young (73728K), 8 survivors (8192K)
 Metaspace       used 126766K, committed 129024K, reserved 1179648K
  class space    used 16726K, committed 17856K, reserved 1048576K
}
Event: 15.966 GC heap after
{Heap after GC invocations=51 (full 0):
 garbage-first heap   total 321536K, used 170642K [0x0000000080000000, 0x0000000100000000)
  region size 1024K, 7 young (7168K), 7 survivors (7168K)
 Metaspace       used 126766K, committed 129024K, reserved 1179648K
  class space    used 16726K, committed 17856K, reserved 1048576K
}
Event: 17.227 GC heap before
{Heap before GC invocations=51 (full 0):
 garbage-first heap   total 321536K, used 278162K [0x0000000080000000, 0x0000000100000000)
  region size 1024K, 113 young (115712K), 7 survivors (7168K)
 Metaspace       used 128731K, committed 131008K, reserved 1179648K
  class space    used 16963K, committed 18112K, reserved 1048576K
}
Event: 17.234 GC heap after
{Heap after GC invocations=52 (full 0):
 garbage-first heap   total 321536K, used 176535K [0x0000000080000000, 0x0000000100000000)
  region size 1024K, 12 young (12288K), 12 survivors (12288K)
 Metaspace       used 128731K, committed 131008K, reserved 1179648K
  class space    used 16963K, committed 18112K, reserved 1048576K
}
Event: 17.686 GC heap before
{Heap before GC invocations=52 (full 0):
 garbage-first heap   total 321536K, used 288151K [0x0000000080000000, 0x0000000100000000)
  region size 1024K, 122 young (124928K), 12 survivors (12288K)
 Metaspace       used 129738K, committed 132032K, reserved 1179648K
  class space    used 17063K, committed 18240K, reserved 1048576K
}
Event: 17.695 GC heap after
{Heap after GC invocations=53 (full 0):
 garbage-first heap   total 321536K, used 181075K [0x0000000080000000, 0x0000000100000000)
  region size 1024K, 13 young (13312K), 13 survivors (13312K)
 Metaspace       used 129738K, committed 132032K, reserved 1179648K
  class space    used 17063K, committed 18240K, reserved 1048576K
}
Event: 43.727 GC heap before
{Heap before GC invocations=53 (full 0):
 garbage-first heap   total 321536K, used 289619K [0x0000000080000000, 0x0000000100000000)
  region size 1024K, 120 young (122880K), 13 survivors (13312K)
 Metaspace       used 136561K, committed 139008K, reserved 1179648K
  class space    used 17731K, committed 18944K, reserved 1048576K
}
Event: 43.736 GC heap after
{Heap after GC invocations=54 (full 0):
 garbage-first heap   total 321536K, used 183453K [0x0000000080000000, 0x0000000100000000)
  region size 1024K, 13 young (13312K), 13 survivors (13312K)
 Metaspace       used 136561K, committed 139008K, reserved 1179648K
  class space    used 17731K, committed 18944K, reserved 1048576K
}
Event: 47.261 GC heap before
{Heap before GC invocations=55 (full 0):
 garbage-first heap   total 321536K, used 266397K [0x0000000080000000, 0x0000000100000000)
  region size 1024K, 117 young (119808K), 13 survivors (13312K)
 Metaspace       used 137114K, committed 139520K, reserved 1179648K
  class space    used 17738K, committed 18944K, reserved 1048576K
}
Event: 47.271 GC heap after
{Heap after GC invocations=56 (full 0):
 garbage-first heap   total 321536K, used 163175K [0x0000000080000000, 0x0000000100000000)
  region size 1024K, 9 young (9216K), 9 survivors (9216K)
 Metaspace       used 137114K, committed 139520K, reserved 1179648K
  class space    used 17738K, committed 18944K, reserved 1048576K
}

