# JRE version: OpenJDK Runtime Environment (21.0.5) (build 21.0.5+-12932927-b750.29)
# Java VM: OpenJDK 64-Bit Server VM (21.0.5+-12932927-b750.29, mixed mode, tiered, compressed oops, compressed class ptrs, g1 gc, windows-amd64)
GC Precious Log:
 CardTable entry size: 512
 Card Set container configuration: InlinePtr #cards 5 size 8 Array Of Cards #cards 12 size 40 Howl #buckets 4 coarsen threshold 1843 Howl Bitmap #cards 512 size 80 coarsen threshold 460 Card regions per heap region 1 cards per card region 2048
 CPUs: 6 total, 6 available
 Memory: 16254M
 Large Page Support: Disabled
 NUMA Support: Disabled
 Compressed Oops: Enabled (32-bit)
 Heap Region Size: 1M
 Heap Min Capacity: 8M
 Heap Initial Capacity: 254M
 Heap Max Capacity: 2G
 Pre-touch: Disabled
 Parallel Workers: 6
 Concurrent Workers: 2
 Concurrent Refinement Workers: 6
 Periodic GC: Disabled
Heap:
 garbage-first heap   total 370688K, used 179080K [0x0000000080000000, 0x0000000100000000)
  region size 1024K, 15 young (15360K), 6 survivors (6144K)
 Metaspace       used 127588K, committed 129856K, reserved 1179648K
  class space    used 16855K, committed 17984K, reserved 1048576K
GC Heap History (20 events):
Event: 11.539 GC heap after
{Heap after GC invocations=42 (full 0):
 garbage-first heap   total 158720K, used 100215K [0x0000000080000000, 0x0000000100000000)
  region size 1024K, 5 young (5120K), 5 survivors (5120K)
 Metaspace       used 109504K, committed 111616K, reserved 1179648K
  class space    used 14892K, committed 15936K, reserved 1048576K
}
Event: 11.898 GC heap before
{Heap before GC invocations=43 (full 0):
 garbage-first heap   total 167936K, used 143223K [0x0000000080000000, 0x0000000100000000)
  region size 1024K, 48 young (49152K), 5 survivors (5120K)
 Metaspace       used 111657K, committed 113792K, reserved 1179648K
  class space    used 15205K, committed 16256K, reserved 1048576K
}
Event: 11.905 GC heap after
{Heap after GC invocations=44 (full 0):
 garbage-first heap   total 167936K, used 104209K [0x0000000080000000, 0x0000000100000000)
  region size 1024K, 6 young (6144K), 6 survivors (6144K)
 Metaspace       used 111657K, committed 113792K, reserved 1179648K
  class space    used 15205K, committed 16256K, reserved 1048576K
}
Event: 12.424 GC heap before
{Heap before GC invocations=44 (full 0):
 garbage-first heap   total 167936K, used 156433K [0x0000000080000000, 0x0000000100000000)
  region size 1024K, 53 young (54272K), 6 survivors (6144K)
 Metaspace       used 115839K, committed 118080K, reserved 1179648K
  class space    used 15635K, committed 16768K, reserved 1048576K
}
Event: 12.433 GC heap after
{Heap after GC invocations=45 (full 0):
 garbage-first heap   total 206848K, used 110352K [0x0000000080000000, 0x0000000100000000)
  region size 1024K, 7 young (7168K), 7 survivors (7168K)
 Metaspace       used 115839K, committed 118080K, reserved 1179648K
  class space    used 15635K, committed 16768K, reserved 1048576K
}
Event: 12.618 GC heap before
{Heap before GC invocations=45 (full 0):
 garbage-first heap   total 206848K, used 182032K [0x0000000080000000, 0x0000000100000000)
  region size 1024K, 78 young (79872K), 7 survivors (7168K)
 Metaspace       used 115874K, committed 118144K, reserved 1179648K
  class space    used 15636K, committed 16768K, reserved 1048576K
}
Event: 12.624 GC heap after
{Heap after GC invocations=46 (full 0):
 garbage-first heap   total 206848K, used 115287K [0x0000000080000000, 0x0000000100000000)
  region size 1024K, 5 young (5120K), 5 survivors (5120K)
 Metaspace       used 115874K, committed 118144K, reserved 1179648K
  class space    used 15636K, committed 16768K, reserved 1048576K
}
Event: 13.356 GC heap before
{Heap before GC invocations=46 (full 0):
 garbage-first heap   total 206848K, used 181847K [0x0000000080000000, 0x0000000100000000)
  region size 1024K, 72 young (73728K), 5 survivors (5120K)
 Metaspace       used 118337K, committed 120512K, reserved 1179648K
  class space    used 15942K, committed 17024K, reserved 1048576K
}
Event: 13.363 GC heap after
{Heap after GC invocations=47 (full 0):
 garbage-first heap   total 206848K, used 125952K [0x0000000080000000, 0x0000000100000000)
  region size 1024K, 10 young (10240K), 10 survivors (10240K)
 Metaspace       used 118337K, committed 120512K, reserved 1179648K
  class space    used 15942K, committed 17024K, reserved 1048576K
}
Event: 14.468 GC heap before
{Heap before GC invocations=48 (full 0):
 garbage-first heap   total 225280K, used 199680K [0x0000000080000000, 0x0000000100000000)
  region size 1024K, 67 young (68608K), 10 survivors (10240K)
 Metaspace       used 119009K, committed 121280K, reserved 1179648K
  class space    used 16002K, committed 17152K, reserved 1048576K
}
Event: 14.484 GC heap after
{Heap after GC invocations=49 (full 0):
 garbage-first heap   total 230400K, used 147456K [0x0000000080000000, 0x0000000100000000)
  region size 1024K, 9 young (9216K), 9 survivors (9216K)
 Metaspace       used 119009K, committed 121280K, reserved 1179648K
  class space    used 16002K, committed 17152K, reserved 1048576K
}
Event: 14.921 GC heap before
{Heap before GC invocations=49 (full 0):
 garbage-first heap   total 230400K, used 200704K [0x0000000080000000, 0x0000000100000000)
  region size 1024K, 61 young (62464K), 9 survivors (9216K)
 Metaspace       used 121378K, committed 123648K, reserved 1179648K
  class space    used 16268K, committed 17408K, reserved 1048576K
}
Event: 14.930 GC heap after
{Heap after GC invocations=50 (full 0):
 garbage-first heap   total 230400K, used 150918K [0x0000000080000000, 0x0000000100000000)
  region size 1024K, 4 young (4096K), 4 survivors (4096K)
 Metaspace       used 121378K, committed 123648K, reserved 1179648K
  class space    used 16268K, committed 17408K, reserved 1048576K
}
Event: 15.082 GC heap before
{Heap before GC invocations=50 (full 0):
 garbage-first heap   total 230400K, used 166278K [0x0000000080000000, 0x0000000100000000)
  region size 1024K, 21 young (21504K), 4 survivors (4096K)
 Metaspace       used 121657K, committed 123968K, reserved 1179648K
  class space    used 16292K, committed 17472K, reserved 1048576K
}
Event: 15.088 GC heap after
{Heap after GC invocations=51 (full 0):
 garbage-first heap   total 230400K, used 157489K [0x0000000080000000, 0x0000000100000000)
  region size 1024K, 7 young (7168K), 7 survivors (7168K)
 Metaspace       used 121657K, committed 123968K, reserved 1179648K
  class space    used 16292K, committed 17472K, reserved 1048576K
}
Event: 15.315 GC heap before
{Heap before GC invocations=52 (full 0):
 garbage-first heap   total 288768K, used 220977K [0x0000000080000000, 0x0000000100000000)
  region size 1024K, 55 young (56320K), 7 survivors (7168K)
 Metaspace       used 122274K, committed 124608K, reserved 1179648K
  class space    used 16354K, committed 17536K, reserved 1048576K
}
Event: 15.325 GC heap after
{Heap after GC invocations=53 (full 0):
 garbage-first heap   total 288768K, used 166912K [0x0000000080000000, 0x0000000100000000)
  region size 1024K, 7 young (7168K), 7 survivors (7168K)
 Metaspace       used 122274K, committed 124608K, reserved 1179648K
  class space    used 16354K, committed 17536K, reserved 1048576K
}
Event: 15.662 GC heap before
{Heap before GC invocations=53 (full 0):
 garbage-first heap   total 288768K, used 243712K [0x0000000080000000, 0x0000000100000000)
  region size 1024K, 83 young (84992K), 7 survivors (7168K)
 Metaspace       used 125624K, committed 127936K, reserved 1179648K
  class space    used 16679K, committed 17856K, reserved 1048576K
}
Event: 15.811 GC heap after
{Heap after GC invocations=54 (full 0):
 garbage-first heap   total 370688K, used 172154K [0x0000000080000000, 0x0000000100000000)
  region size 1024K, 7 young (7168K), 7 survivors (7168K)
 Metaspace       used 125624K, committed 127936K, reserved 1179648K
  class space    used 16679K, committed 17856K, reserved 1048576K
}
Event: 16.307 GC heap before
{Heap before GC invocations=54 (full 0):
 garbage-first heap   total 370688K, used 300154K [0x0000000080000000, 0x0000000100000000)
  region size 1024K, 125 young (128000K), 7 survivors (7168K)
 Metaspace       used 127567K, committed 129856K, reserved 1179648K
  class space    used 16855K, committed 17984K, reserved 1048576K
}

