# JRE version: OpenJDK Runtime Environment (21.0.5) (build 21.0.5+-12932927-b750.29)
# Java VM: OpenJDK 64-Bit Server VM (21.0.5+-12932927-b750.29, mixed mode, tiered, compressed oops, compressed class ptrs, g1 gc, windows-amd64)
GC Precious Log:
 CardTable entry size: 512
 Card Set container configuration: InlinePtr #cards 5 size 8 Array Of Cards #cards 12 size 40 Howl #buckets 4 coarsen threshold 1843 Howl Bitmap #cards 512 size 80 coarsen threshold 460 Card regions per heap region 1 cards per card region 2048
 CPUs: 6 total, 6 available
 Memory: 16254M
 Large Page Support: Disabled
 NUMA Support: Disabled
 Compressed Oops: Enabled (32-bit)
 Heap Region Size: 1M
 Heap Min Capacity: 8M
 Heap Initial Capacity: 254M
 Heap Max Capacity: 2G
 Pre-touch: Disabled
 Parallel Workers: 6
 Concurrent Workers: 2
 Concurrent Refinement Workers: 6
 Periodic GC: Disabled
Heap:
 garbage-first heap   total 352256K, used 230540K [0x0000000080000000, 0x0000000100000000)
  region size 1024K, 60 young (61440K), 6 survivors (6144K)
 Metaspace       used 125939K, committed 128320K, reserved 1179648K
  class space    used 16656K, committed 17856K, reserved 1048576K
GC Heap History (20 events):
Event: 11.757 GC heap before
{Heap before GC invocations=44 (full 0):
 garbage-first heap   total 158720K, used 142182K [0x0000000080000000, 0x0000000100000000)
  region size 1024K, 50 young (51200K), 6 survivors (6144K)
 Metaspace       used 109204K, committed 111360K, reserved 1179648K
  class space    used 14847K, committed 15936K, reserved 1048576K
}
Event: 11.762 GC heap after
{Heap after GC invocations=45 (full 0):
 garbage-first heap   total 158720K, used 99148K [0x0000000080000000, 0x0000000100000000)
  region size 1024K, 5 young (5120K), 5 survivors (5120K)
 Metaspace       used 109204K, committed 111360K, reserved 1179648K
  class space    used 14847K, committed 15936K, reserved 1048576K
}
Event: 12.128 GC heap before
{Heap before GC invocations=46 (full 0):
 garbage-first heap   total 165888K, used 143180K [0x0000000080000000, 0x0000000100000000)
  region size 1024K, 49 young (50176K), 5 survivors (5120K)
 Metaspace       used 111425K, committed 113600K, reserved 1179648K
  class space    used 15179K, committed 16256K, reserved 1048576K
}
Event: 12.135 GC heap after
{Heap after GC invocations=47 (full 0):
 garbage-first heap   total 165888K, used 103020K [0x0000000080000000, 0x0000000100000000)
  region size 1024K, 6 young (6144K), 6 survivors (6144K)
 Metaspace       used 111425K, committed 113600K, reserved 1179648K
  class space    used 15179K, committed 16256K, reserved 1048576K
}
Event: 12.651 GC heap before
{Heap before GC invocations=47 (full 0):
 garbage-first heap   total 165888K, used 154220K [0x0000000080000000, 0x0000000100000000)
  region size 1024K, 52 young (53248K), 6 survivors (6144K)
 Metaspace       used 115707K, committed 117888K, reserved 1179648K
  class space    used 15618K, committed 16704K, reserved 1048576K
}
Event: 12.660 GC heap after
{Heap after GC invocations=48 (full 0):
 garbage-first heap   total 205824K, used 109513K [0x0000000080000000, 0x0000000100000000)
  region size 1024K, 7 young (7168K), 7 survivors (7168K)
 Metaspace       used 115707K, committed 117888K, reserved 1179648K
  class space    used 15618K, committed 16704K, reserved 1048576K
}
Event: 12.867 GC heap before
{Heap before GC invocations=48 (full 0):
 garbage-first heap   total 205824K, used 183241K [0x0000000080000000, 0x0000000100000000)
  region size 1024K, 79 young (80896K), 7 survivors (7168K)
 Metaspace       used 115808K, committed 118016K, reserved 1179648K
  class space    used 15623K, committed 16704K, reserved 1048576K
}
Event: 12.873 GC heap after
{Heap after GC invocations=49 (full 0):
 garbage-first heap   total 205824K, used 113970K [0x0000000080000000, 0x0000000100000000)
  region size 1024K, 5 young (5120K), 5 survivors (5120K)
 Metaspace       used 115808K, committed 118016K, reserved 1179648K
  class space    used 15623K, committed 16704K, reserved 1048576K
}
Event: 13.455 GC heap before
{Heap before GC invocations=49 (full 0):
 garbage-first heap   total 205824K, used 177458K [0x0000000080000000, 0x0000000100000000)
  region size 1024K, 69 young (70656K), 5 survivors (5120K)
 Metaspace       used 118152K, committed 120448K, reserved 1179648K
  class space    used 15910K, committed 17024K, reserved 1048576K
}
Event: 13.463 GC heap after
{Heap after GC invocations=50 (full 0):
 garbage-first heap   total 205824K, used 125134K [0x0000000080000000, 0x0000000100000000)
  region size 1024K, 10 young (10240K), 10 survivors (10240K)
 Metaspace       used 118152K, committed 120448K, reserved 1179648K
  class space    used 15910K, committed 17024K, reserved 1048576K
}
Event: 13.981 GC heap before
{Heap before GC invocations=51 (full 0):
 garbage-first heap   total 225280K, used 198862K [0x0000000080000000, 0x0000000100000000)
  region size 1024K, 66 young (67584K), 10 survivors (10240K)
 Metaspace       used 118815K, committed 121088K, reserved 1179648K
  class space    used 15969K, committed 17088K, reserved 1048576K
}
Event: 13.994 GC heap after
{Heap after GC invocations=52 (full 0):
 garbage-first heap   total 228352K, used 146351K [0x0000000080000000, 0x0000000100000000)
  region size 1024K, 9 young (9216K), 9 survivors (9216K)
 Metaspace       used 118815K, committed 121088K, reserved 1179648K
  class space    used 15969K, committed 17088K, reserved 1048576K
}
Event: 14.457 GC heap before
{Heap before GC invocations=52 (full 0):
 garbage-first heap   total 228352K, used 198575K [0x0000000080000000, 0x0000000100000000)
  region size 1024K, 60 young (61440K), 9 survivors (9216K)
 Metaspace       used 121178K, committed 123456K, reserved 1179648K
  class space    used 16237K, committed 17344K, reserved 1048576K
}
Event: 14.465 GC heap after
{Heap after GC invocations=53 (full 0):
 garbage-first heap   total 228352K, used 148992K [0x0000000080000000, 0x0000000100000000)
  region size 1024K, 4 young (4096K), 4 survivors (4096K)
 Metaspace       used 121178K, committed 123456K, reserved 1179648K
  class space    used 16237K, committed 17344K, reserved 1048576K
}
Event: 14.629 GC heap before
{Heap before GC invocations=53 (full 0):
 garbage-first heap   total 228352K, used 167424K [0x0000000080000000, 0x0000000100000000)
  region size 1024K, 23 young (23552K), 4 survivors (4096K)
 Metaspace       used 121464K, committed 123712K, reserved 1179648K
  class space    used 16260K, committed 17344K, reserved 1048576K
}
Event: 14.635 GC heap after
{Heap after GC invocations=54 (full 0):
 garbage-first heap   total 228352K, used 155648K [0x0000000080000000, 0x0000000100000000)
  region size 1024K, 7 young (7168K), 7 survivors (7168K)
 Metaspace       used 121464K, committed 123712K, reserved 1179648K
  class space    used 16260K, committed 17344K, reserved 1048576K
}
Event: 14.865 GC heap before
{Heap before GC invocations=55 (full 0):
 garbage-first heap   total 285696K, used 219136K [0x0000000080000000, 0x0000000100000000)
  region size 1024K, 55 young (56320K), 7 survivors (7168K)
 Metaspace       used 122261K, committed 124608K, reserved 1179648K
  class space    used 16336K, committed 17472K, reserved 1048576K
}
Event: 14.872 GC heap after
{Heap after GC invocations=56 (full 0):
 garbage-first heap   total 285696K, used 165017K [0x0000000080000000, 0x0000000100000000)
  region size 1024K, 7 young (7168K), 7 survivors (7168K)
 Metaspace       used 122261K, committed 124608K, reserved 1179648K
  class space    used 16336K, committed 17472K, reserved 1048576K
}
Event: 15.186 GC heap before
{Heap before GC invocations=56 (full 0):
 garbage-first heap   total 285696K, used 240793K [0x0000000080000000, 0x0000000100000000)
  region size 1024K, 82 young (83968K), 7 survivors (7168K)
 Metaspace       used 125269K, committed 127616K, reserved 1179648K
  class space    used 16604K, committed 17792K, reserved 1048576K
}
Event: 15.455 GC heap after
{Heap after GC invocations=57 (full 0):
 garbage-first heap   total 352256K, used 169100K [0x0000000080000000, 0x0000000100000000)
  region size 1024K, 6 young (6144K), 6 survivors (6144K)
 Metaspace       used 125269K, committed 127616K, reserved 1179648K
  class space    used 16604K, committed 17792K, reserved 1048576K
}

